<?xml version="1.0" encoding="UTF-8"?>
<testsuite xmlns:xsi="http://www.w3.org/2001/XMLSchema-instance" xsi:noNamespaceSchemaLocation="https://maven.apache.org/surefire/maven-surefire-plugin/xsd/surefire-test-report-3.0.xsd" version="3.0" name="ch.hslu.exam.StudentTest" time="0.161" tests="11" errors="0" skipped="0" failures="0">
  <properties>
[...]
</properties>
  <testcase name="testHashCodeEqual" classname="ch.hslu.exam.StudentTest" time="0.0"/>
  <testcase name="testEqualsContract" classname="ch.hslu.exam.StudentTest" time="0.133"/>
  <testcase name="testToString" classname="ch.hslu.exam.StudentTest" time="0.004"/>
  <testcase name="testGetAverageWith3Courses" classname="ch.hslu.exam.StudentTest" time="0.002"/>
  <testcase name="testConstructorValidId" classname="ch.hslu.exam.StudentTest" time="0.0"/>
  <testcase name="testConstructorLastNameNull" classname="ch.hslu.exam.StudentTest" time="0.017"/>
  <testcase name="testConstructorLastNameInvalid" classname="ch.hslu.exam.StudentTest" time="0.001"/>
  <testcase name="testConstructorLastNameValid" classname="ch.hslu.exam.StudentTest" time="0.0"/>
  <testcase name="testConstructorInvalidIdException" classname="ch.hslu.exam.StudentTest" time="0.001"/>
  <testcase name="testConstructor" classname="ch.hslu.exam.StudentTest" time="0.0"/>
  <testcase name="testGetAverageException" classname="ch.hslu.exam.StudentTest" time="0.0"/>
</testsuite>